c:\users\samvimes\source\repos\cells\release\cells.ipdb
c:\users\samvimes\source\repos\cells\release\cells.iobj
c:\users\samvimes\source\repos\cells\release\vc142.pdb
c:\users\samvimes\source\repos\cells\release\utilities.obj
c:\users\samvimes\source\repos\cells\release\reactionmanager.obj
c:\users\samvimes\source\repos\cells\release\hexgrids.obj
c:\users\samvimes\source\repos\cells\release\element.obj
c:\users\samvimes\source\repos\cells\release\display.obj
c:\users\samvimes\source\repos\cells\release\compound.obj
c:\users\samvimes\source\repos\cells\release\cells.obj
c:\users\samvimes\source\repos\cells\release\universe.obj
c:\users\samvimes\source\repos\cells\release\sector.obj
c:\users\samvimes\source\repos\cells\release\entropymanager.obj
c:\users\samvimes\source\repos\cells\release\organism.obj
c:\users\samvimes\source\repos\cells\release\organelle.obj
c:\users\samvimes\source\repos\cells\release\geneticsmanager.obj
c:\users\samvimes\source\repos\cells\release\cells.exe
c:\users\samvimes\source\repos\cells\release\cells.pdb
c:\users\samvimes\source\repos\cells\release\cells.tlog\cells.write.1u.tlog
c:\users\samvimes\source\repos\cells\release\cells.tlog\cl.command.1.tlog
c:\users\samvimes\source\repos\cells\release\cells.tlog\cl.read.1.tlog
c:\users\samvimes\source\repos\cells\release\cells.tlog\cl.write.1.tlog
c:\users\samvimes\source\repos\cells\release\cells.tlog\link.command.1.tlog
c:\users\samvimes\source\repos\cells\release\cells.tlog\link.delete.1.tlog
c:\users\samvimes\source\repos\cells\release\cells.tlog\link.read.1.tlog
c:\users\samvimes\source\repos\cells\release\cells.tlog\link.write.1.tlog
